2020-03-26 00:01:35,631 INFO org.springframework.cloud.config.client.ConfigServicePropertySourceLocator [main] Fetching config from server at : http://localhost:8888/
2020-03-26 00:01:36,219 INFO org.springframework.cloud.config.client.ConfigServicePropertySourceLocator [main] Located environment: name=limits-service, profiles=[default], label=null, version=8e7d3e7624b93d5676b32b6bb3a7e8179503255c, state=null
2020-03-26 00:01:36,223 INFO org.springframework.cloud.bootstrap.config.PropertySourceBootstrapConfiguration [main] Located property source: [BootstrapPropertySource {name='bootstrapProperties-configClient'}, BootstrapPropertySource {name='bootstrapProperties-file:///udemy/git-localconfig-repo/limits-service.properties'}]
2020-03-26 00:01:36,293 INFO org.springframework.boot.SpringApplication [main] The following profiles are active: qa
2020-03-26 00:01:37,106 INFO org.springframework.cloud.context.scope.GenericScope [main] BeanFactory id=7e57a397-f242-3c67-bda1-a68d470f72b1
2020-03-26 00:01:37,739 INFO org.springframework.boot.web.embedded.tomcat.TomcatWebServer [main] Tomcat initialized with port(s): 8001 (http)
2020-03-26 00:01:37,753 INFO org.apache.juli.logging.DirectJDKLog [main] Initializing ProtocolHandler ["http-nio-8001"]
2020-03-26 00:01:37,755 INFO org.apache.juli.logging.DirectJDKLog [main] Starting service [Tomcat]
2020-03-26 00:01:37,755 INFO org.apache.juli.logging.DirectJDKLog [main] Starting Servlet engine: [Apache Tomcat/9.0.31]
2020-03-26 00:01:37,963 INFO org.apache.juli.logging.DirectJDKLog [main] Initializing Spring embedded WebApplicationContext
2020-03-26 00:01:37,964 INFO org.springframework.boot.web.servlet.context.ServletWebServerApplicationContext [main] Root WebApplicationContext: initialization completed in 1648 ms
2020-03-26 00:01:38,339 INFO org.springframework.scheduling.concurrent.ExecutorConfigurationSupport [main] Initializing ExecutorService 'applicationTaskExecutor'
2020-03-26 00:01:38,997 INFO org.springframework.boot.actuate.endpoint.web.EndpointLinksResolver [main] Exposing 2 endpoint(s) beneath base path '/actuator'
2020-03-26 00:01:39,044 INFO org.apache.juli.logging.DirectJDKLog [main] Starting ProtocolHandler ["http-nio-8001"]
2020-03-26 00:01:39,311 INFO org.springframework.boot.web.embedded.tomcat.TomcatWebServer [main] Tomcat started on port(s): 8001 (http) with context path ''
2020-03-26 00:01:39,682 INFO org.springframework.boot.StartupInfoLogger [main] Started LimitsServiceApplication in 6.055 seconds (JVM running for 6.623)
2020-03-26 00:10:51,008 INFO org.springframework.cloud.config.client.ConfigServicePropertySourceLocator [main] Fetching config from server at : http://localhost:8888/
2020-03-26 00:10:51,439 INFO org.springframework.cloud.config.client.ConfigServicePropertySourceLocator [main] Located environment: name=limits-service-dev, profiles=[dev], label=null, version=8e7d3e7624b93d5676b32b6bb3a7e8179503255c, state=null
2020-03-26 00:10:51,442 INFO org.springframework.cloud.bootstrap.config.PropertySourceBootstrapConfiguration [main] Located property source: [BootstrapPropertySource {name='bootstrapProperties-configClient'}, BootstrapPropertySource {name='bootstrapProperties-file:///udemy/git-localconfig-repo/limits-service-dev.properties'}]
2020-03-26 00:10:51,449 INFO org.springframework.boot.SpringApplication [main] The following profiles are active: dev
2020-03-26 00:10:52,468 INFO org.springframework.cloud.context.scope.GenericScope [main] BeanFactory id=7e57a397-f242-3c67-bda1-a68d470f72b1
2020-03-26 00:10:53,091 INFO org.springframework.boot.web.embedded.tomcat.TomcatWebServer [main] Tomcat initialized with port(s): 8001 (http)
2020-03-26 00:10:53,100 INFO org.apache.juli.logging.DirectJDKLog [main] Initializing ProtocolHandler ["http-nio-8001"]
2020-03-26 00:10:53,101 INFO org.apache.juli.logging.DirectJDKLog [main] Starting service [Tomcat]
2020-03-26 00:10:53,101 INFO org.apache.juli.logging.DirectJDKLog [main] Starting Servlet engine: [Apache Tomcat/9.0.31]
2020-03-26 00:10:53,231 INFO org.apache.juli.logging.DirectJDKLog [main] Initializing Spring embedded WebApplicationContext
2020-03-26 00:10:53,231 INFO org.springframework.boot.web.servlet.context.ServletWebServerApplicationContext [main] Root WebApplicationContext: initialization completed in 1756 ms
2020-03-26 00:10:53,577 INFO org.springframework.scheduling.concurrent.ExecutorConfigurationSupport [main] Initializing ExecutorService 'applicationTaskExecutor'
2020-03-26 00:10:54,247 INFO org.springframework.boot.actuate.endpoint.web.EndpointLinksResolver [main] Exposing 2 endpoint(s) beneath base path '/actuator'
2020-03-26 00:10:54,295 INFO org.apache.juli.logging.DirectJDKLog [main] Starting ProtocolHandler ["http-nio-8001"]
2020-03-26 00:10:54,600 INFO org.springframework.boot.web.embedded.tomcat.TomcatWebServer [main] Tomcat started on port(s): 8001 (http) with context path ''
2020-03-26 00:10:54,978 INFO org.springframework.boot.StartupInfoLogger [main] Started LimitsServiceApplication in 5.78 seconds (JVM running for 6.291)
